[1484236347] Nagios 4.2.4 starting... (PID=1312)
[1484236347] Local time is Thu Jan 12 15:52:27 UTC 2017
[1484236347] LOG VERSION: 2.0
[1484236347] qh: Socket '/opt/nagios/var/rw/nagios.qh' successfully initialized
[1484236347] qh: core query handler registered
[1484236347] nerd: Channel hostchecks registered successfully
[1484236347] nerd: Channel servicechecks registered successfully
[1484236347] nerd: Channel opathchecks registered successfully
[1484236347] nerd: Fully initialized and ready to rock!
[1484236347] wproc: Successfully registered manager as @wproc with query handler
[1484236347] wproc: Registry request: name=Core Worker 1316;pid=1316
[1484236347] wproc: Registry request: name=Core Worker 1315;pid=1315
[1484236347] wproc: Registry request: name=Core Worker 1314;pid=1314
[1484236347] wproc: Registry request: name=Core Worker 1313;pid=1313
[1484236347] Successfully launched command file worker with pid 1317
[1488996752] Nagios 4.2.4 starting... (PID=28389)
[1488996752] Local time is Wed Mar 08 18:12:32 UTC 2017
[1488996752] LOG VERSION: 2.0
[1488996752] qh: Socket '/opt/nagios/var/rw/nagios.qh' successfully initialized
[1488996752] qh: core query handler registered
[1488996752] nerd: Channel hostchecks registered successfully
[1488996752] nerd: Channel servicechecks registered successfully
[1488996752] nerd: Channel opathchecks registered successfully
[1488996752] nerd: Fully initialized and ready to rock!
[1488996752] wproc: Successfully registered manager as @wproc with query handler
[1488996752] wproc: Registry request: name=Core Worker 28394;pid=28394
[1488996752] wproc: Registry request: name=Core Worker 28393;pid=28393
[1488996752] wproc: Registry request: name=Core Worker 28392;pid=28392
[1488996752] wproc: Registry request: name=Core Worker 28391;pid=28391
[1488996753] Successfully launched command file worker with pid 28395
[1488996864] SERVICE ALERT: localhost;HTTP;WARNING;SOFT;1;HTTP WARNING: HTTP/1.1 403 Forbidden - 5179 bytes in 0.001 second response time
[1488996924] SERVICE ALERT: localhost;HTTP;WARNING;SOFT;2;HTTP WARNING: HTTP/1.1 403 Forbidden - 5179 bytes in 0.000 second response time
[1488996984] SERVICE ALERT: localhost;HTTP;WARNING;SOFT;3;HTTP WARNING: HTTP/1.1 403 Forbidden - 5179 bytes in 0.000 second response time
[1488997014] SERVICE ALERT: localhost;Swap Usage;CRITICAL;SOFT;1;SWAP CRITICAL - 0% free (0 MB out of 0 MB) - Swap is either disabled, not present, or of zero size.
[1488997044] SERVICE ALERT: localhost;HTTP;WARNING;HARD;4;HTTP WARNING: HTTP/1.1 403 Forbidden - 5179 bytes in 0.001 second response time
[1488997074] SERVICE ALERT: localhost;Swap Usage;CRITICAL;SOFT;2;SWAP CRITICAL - 0% free (0 MB out of 0 MB) - Swap is either disabled, not present, or of zero size.
[1488997134] SERVICE ALERT: localhost;Swap Usage;CRITICAL;SOFT;3;SWAP CRITICAL - 0% free (0 MB out of 0 MB) - Swap is either disabled, not present, or of zero size.
[1488997194] SERVICE ALERT: localhost;Swap Usage;CRITICAL;HARD;4;SWAP CRITICAL - 0% free (0 MB out of 0 MB) - Swap is either disabled, not present, or of zero size.
[1488997194] SERVICE NOTIFICATION: nagiosadmin;localhost;Swap Usage;CRITICAL;notify-service-by-email;SWAP CRITICAL - 0% free (0 MB out of 0 MB) - Swap is either disabled, not present, or of zero size.
[1488997194] wproc: NOTIFY job 6 from worker Core Worker 28394 is a non-check helper but exited with return code 127
[1488997194] wproc:   host=localhost; service=Swap Usage; contact=nagiosadmin
[1488997194] wproc:   early_timeout=0; exited_ok=1; wait_status=32512; error_code=0;
[1488997194] wproc:   stderr line 01: /bin/sh: /bin/mail: No such file or directory
[1488997194] wproc:   stderr line 02: /usr/bin/printf: write error: Broken pipe
